 INFO 2025-07-12 20:16:28,229 autoreload H:\SRT3\PSFE\ProjetSoutenance_SASPM\KeurDoctor\keur_Doctor_app\comptes\views.py changed, reloading.
INFO 2025-07-12 20:16:28,719 autoreload H:\SRT3\PSFE\ProjetSoutenance_SASPM\KeurDoctor\keur_Doctor_app\comptes\views.py changed, reloading.
INFO 2025-07-12 20:16:48,390 autoreload Watching for file changes with StatReloader
INFO 2025-07-12 20:16:49,194 autoreload Watching for file changes with StatReloader
INFO 2025-07-12 20:18:47,639 autoreload Watching for file changes with StatReloader
INFO 2025-07-12 20:19:20,031 basehttp "GET / HTTP/1.1" 200 18731
INFO 2025-07-12 20:19:34,903 basehttp "GET /oidc/authenticate/ HTTP/1.1" 302 0
DEBUG 2025-07-12 20:23:55,945 auth_backends Claims complets pour None: {'sub': 'cf3cb08d-9f85-48bd-8445-3ea2aa47ce18', 'email_verified': True, 'realm_access': {'roles': ['offline_access', 'admin', 'uma_authorization', 'default-roles-keurdoctorsecure']}, 'name': 'Moustapha DIOP', 'preferred_username': 'adminmoustaf', 'given_name': 'Moustapha', 'family_name': 'DIOP', 'email': 'moustaf@keurdoctor.com'}
DEBUG 2025-07-12 20:23:55,946 auth_backends Rôles realm trouvés: ['offline_access', 'admin', 'uma_authorization', 'default-roles-keurdoctorsecure']
INFO 2025-07-12 20:23:55,946 auth_backends Rôles extraits pour None: ['offline_access', 'default-roles-keurdoctorsecure', 'uma_authorization', 'admin']
INFO 2025-07-12 20:23:56,009 auth_backends Rôles assignés à None: ['admin']
INFO 2025-07-12 20:23:56,020 auth_backends Groupes Django: ['admin']
INFO 2025-07-12 20:23:56,021 auth_backends Staff: True, Superuser: True
INFO 2025-07-12 20:23:56,059 basehttp "GET /oidc/callback/?state=lQHmO1BNN31bV0Pu7Z3osY9Y48MXAZXK&session_state=b99781cc-49ae-447a-ac27-fa443f90ba2f&iss=http%3A%2F%2Flocalhost%3A8080%2Frealms%2FKeurDoctorSecure&code=81ec6e0f-0425-45cd-98ca-30738eb47f16.b99781cc-49ae-447a-ac27-fa443f90ba2f.3cf588c0-4566-44db-bd7f-0752d263d590 HTTP/1.1" 302 0
INFO 2025-07-12 20:23:56,520 views Utilisateur staff/admin détecté: None
INFO 2025-07-12 20:23:56,526 basehttp "GET /redirection/ HTTP/1.1" 302 0
INFO 2025-07-12 20:23:58,310 basehttp "GET /administration/ HTTP/1.1" 200 9731
INFO 2025-07-12 20:23:58,866 basehttp "GET /static/images/admin-bg.jpg HTTP/1.1" 304 0
WARNING 2025-07-12 20:24:00,226 log Not Found: /favicon.ico
INFO 2025-07-12 20:24:00,228 basehttp - Broken pipe from ('127.0.0.1', 63306)
INFO 2025-07-12 20:24:07,465 basehttp "GET /administration/users/ HTTP/1.1" 200 15125
INFO 2025-07-12 20:25:09,595 basehttp "GET /licence/ HTTP/1.1" 200 9568
INFO 2025-07-12 20:30:06,101 basehttp "GET /licence/ HTTP/1.1" 200 9566
INFO 2025-07-12 20:31:57,921 basehttp "GET / HTTP/1.1" 302 0
INFO 2025-07-12 20:31:58,647 views Utilisateur staff/admin détecté: None
INFO 2025-07-12 20:31:58,651 basehttp "GET /redirection/ HTTP/1.1" 302 0
INFO 2025-07-12 20:31:59,376 basehttp "GET /administration/ HTTP/1.1" 200 9731
INFO 2025-07-12 20:32:55,526 basehttp "GET /admin/ HTTP/1.1" 200 15855
INFO 2025-07-12 20:32:56,492 basehttp "GET /static/admin/js/theme.js HTTP/1.1" 304 0
INFO 2025-07-12 20:32:56,822 basehttp "GET /static/admin/js/nav_sidebar.js HTTP/1.1" 304 0
INFO 2025-07-12 20:32:58,042 basehttp "GET /static/admin/css/base.css HTTP/1.1" 200 22120
INFO 2025-07-12 20:32:58,721 basehttp "GET /static/admin/css/dark_mode.css HTTP/1.1" 200 2808
INFO 2025-07-12 20:32:59,355 basehttp "GET /static/admin/css/nav_sidebar.css HTTP/1.1" 200 2810
INFO 2025-07-12 20:32:59,760 basehttp "GET /static/admin/css/responsive.css HTTP/1.1" 200 16565
INFO 2025-07-12 20:32:59,942 basehttp "GET /static/admin/css/dashboard.css HTTP/1.1" 200 441
INFO 2025-07-12 20:33:18,896 basehttp "GET /admin/comptes/utilisateur/ HTTP/1.1" 200 20923
INFO 2025-07-12 20:33:19,051 basehttp "GET /static/admin/js/jquery.init.js HTTP/1.1" 200 347
INFO 2025-07-12 20:33:19,126 basehttp "GET /static/admin/js/core.js HTTP/1.1" 304 0
INFO 2025-07-12 20:33:19,130 basehttp "GET /static/admin/js/vendor/xregexp/xregexp.js HTTP/1.1" 304 0
INFO 2025-07-12 20:33:19,064 basehttp "GET /static/admin/js/vendor/jquery/jquery.js HTTP/1.1" 304 0
INFO 2025-07-12 20:33:19,126 basehttp "GET /static/admin/js/admin/RelatedObjectLookups.js HTTP/1.1" 304 0
INFO 2025-07-12 20:33:19,070 basehttp "GET /static/admin/js/filters.js HTTP/1.1" 200 978
INFO 2025-07-12 20:33:19,072 basehttp "GET /static/admin/css/changelists.css HTTP/1.1" 200 6878
INFO 2025-07-12 20:33:19,165 basehttp "GET /static/admin/js/actions.js HTTP/1.1" 304 0
INFO 2025-07-12 20:33:19,452 basehttp "GET /static/admin/js/urlify.js HTTP/1.1" 304 0
INFO 2025-07-12 20:33:19,457 basehttp "GET /static/admin/js/prepopulate.js HTTP/1.1" 304 0
INFO 2025-07-12 20:33:21,071 basehttp "GET /admin/jsi18n/ HTTP/1.1" 200 8634
INFO 2025-07-12 20:33:21,079 basehttp "GET /static/admin/img/icon-no.svg HTTP/1.1" 200 560
INFO 2025-07-12 20:33:21,086 basehttp "GET /static/admin/img/search.svg HTTP/1.1" 200 458
INFO 2025-07-12 20:33:21,650 basehttp "GET /static/admin/img/sorting-icons.svg HTTP/1.1" 200 1097
INFO 2025-07-12 20:33:21,821 basehttp "GET /static/admin/img/icon-viewlink.svg HTTP/1.1" 200 581
INFO 2025-07-12 20:34:31,187 basehttp "POST /admin/comptes/utilisateur/ HTTP/1.1" 200 14123
INFO 2025-07-12 20:34:31,319 basehttp - Broken pipe from ('127.0.0.1', 63590)
INFO 2025-07-12 20:34:37,968 basehttp "POST /admin/comptes/utilisateur/ HTTP/1.1" 302 0
INFO 2025-07-12 20:34:39,218 basehttp "GET /admin/comptes/utilisateur/ HTTP/1.1" 200 17805
INFO 2025-07-12 20:34:40,098 basehttp "GET /admin/jsi18n/ HTTP/1.1" 200 8634
INFO 2025-07-12 20:38:10,083 basehttp "GET /administration/users/ HTTP/1.1" 200 6348
INFO 2025-07-12 20:38:15,920 basehttp "GET /administration/users/create/ HTTP/1.1" 200 14498
INFO 2025-07-12 20:41:58,995 views Rôle medecin attribué avec succès à l'utilisateur rassoulmouhamd2@gmail.com
INFO 2025-07-12 20:41:58,996 views Utilisateur rassoulmouhamd2@gmail.com créé avec succès dans Keycloak avec le rôle medecin
INFO 2025-07-12 20:41:59,020 basehttp "POST /administration/users/create/ HTTP/1.1" 302 0
INFO 2025-07-12 20:42:00,122 basehttp "GET /administration/users/ HTTP/1.1" 200 7077
INFO 2025-07-12 20:43:11,917 basehttp "GET /admin/comptes/utilisateur/ HTTP/1.1" 200 18524
INFO 2025-07-12 20:43:13,661 basehttp "GET /admin/jsi18n/ HTTP/1.1" 200 8634
INFO 2025-07-12 20:43:39,571 basehttp "GET /logout/ HTTP/1.1" 302 0
INFO 2025-07-12 20:43:40,619 basehttp "GET / HTTP/1.1" 200 18731
INFO 2025-07-12 20:43:57,143 basehttp "GET /oidc/authenticate/ HTTP/1.1" 302 0
DEBUG 2025-07-12 20:46:59,081 auth_backends Claims complets pour None: {'sub': 'aab358a5-aa77-450b-b26c-b427a04de9eb', 'email_verified': True, 'realm_access': {'roles': ['offline_access', 'uma_authorization', 'default-roles-keurdoctorsecure', 'medecin']}, 'name': 'Dr.Rassoul DIOP', 'preferred_username': 'rassoulmouhamd2@gmail.com', 'given_name': 'Dr.Rassoul', 'family_name': 'DIOP', 'email': 'rassoulmouhamd2@gmail.com'}
DEBUG 2025-07-12 20:46:59,082 auth_backends Rôles realm trouvés: ['offline_access', 'uma_authorization', 'default-roles-keurdoctorsecure', 'medecin']
INFO 2025-07-12 20:46:59,082 auth_backends Rôles extraits pour None: ['offline_access', 'default-roles-keurdoctorsecure', 'uma_authorization', 'medecin']
INFO 2025-07-12 20:46:59,136 auth_backends Rôles assignés à None: ['medecin']
INFO 2025-07-12 20:46:59,149 auth_backends Groupes Django: ['medecin']
INFO 2025-07-12 20:46:59,150 auth_backends Staff: False, Superuser: False
INFO 2025-07-12 20:46:59,184 basehttp "GET /oidc/callback/?state=bdwrE6iKXotPb29YaVYq1gYXMx4TOrim&session_state=542715cd-d035-4164-9cda-d014c1f98d21&iss=http%3A%2F%2Flocalhost%3A8080%2Frealms%2FKeurDoctorSecure&code=a1312297-a0e0-40d9-9788-f8f960cee080.542715cd-d035-4164-9cda-d014c1f98d21.3cf588c0-4566-44db-bd7f-0752d263d590 HTTP/1.1" 302 0
INFO 2025-07-12 20:47:01,890 views Utilisateur: None, Groupes: ['medecin']
INFO 2025-07-12 20:47:02,055 basehttp "GET /redirection/ HTTP/1.1" 302 0
INFO 2025-07-12 20:47:03,714 basehttp "GET /medecin/ HTTP/1.1" 200 8831
INFO 2025-07-12 20:47:04,239 basehttp "GET /static/images/medecin.jpg HTTP/1.1" 304 0
INFO 2025-07-12 20:47:41,991 basehttp "GET /logout/ HTTP/1.1" 302 0
INFO 2025-07-12 20:47:43,972 basehttp "GET / HTTP/1.1" 200 18731
INFO 2025-07-12 20:47:57,036 basehttp "GET /licence/ HTTP/1.1" 200 8657
INFO 2025-07-12 20:48:06,294 basehttp "POST /licence/ HTTP/1.1" 302 0
INFO 2025-07-12 20:48:06,860 basehttp "GET /inscription/ HTTP/1.1" 200 13873
ERROR 2025-07-12 20:49:17,503 views Groupe patients introuvable dans Keycloak.
INFO 2025-07-12 20:49:17,541 basehttp "POST /inscription/ HTTP/1.1" 302 0
INFO 2025-07-12 20:49:18,991 basehttp "GET / HTTP/1.1" 200 18731
INFO 2025-07-12 20:49:23,339 basehttp "GET /oidc/authenticate/ HTTP/1.1" 302 0
INFO 2025-07-13 00:07:58,920 autoreload Watching for file changes with StatReloader
ERROR 2025-07-13 00:09:55,518 models Erreur lors du logging d'audit: Cannot assign "<SimpleLazyObject: <django.contrib.auth.models.AnonymousUser object at 0x000002556109C980>>": "AuditLog.utilisateur" must be a "Utilisateur" instance.
WARNING 2025-07-13 00:09:55,577 log Not Found: /favicon.ico
INFO 2025-07-13 00:09:55,600 basehttp - Broken pipe from ('127.0.0.1', 53677)
INFO 2025-07-13 00:14:40,444 basehttp "GET /oidc/callback/?state=idvaWtQmXYES1ZHi2gztDkAhtdiOdXTs&session_state=d2931e9d-6d6c-4a4d-9687-dd9f45dc0d2b&iss=http%3A%2F%2Flocalhost%3A8080%2Frealms%2FKeurDoctorSecure&code=4a83c2c8-ce64-4e97-9ae9-79b2ca86dec3.d2931e9d-6d6c-4a4d-9687-dd9f45dc0d2b.3cf588c0-4566-44db-bd7f-0752d263d590 HTTP/1.1" 302 0
INFO 2025-07-13 00:14:40,495 basehttp "GET / HTTP/1.1" 200 18731
INFO 2025-07-13 00:21:32,727 autoreload H:\SRT3\PSFE\ProjetSoutenance_SASPM\KeurDoctor\keur_Doctor_app\keur_Doctor_app\settings.py changed, reloading.
INFO 2025-07-13 00:21:35,426 autoreload Watching for file changes with StatReloader
INFO 2025-07-13 00:22:29,683 autoreload H:\SRT3\PSFE\ProjetSoutenance_SASPM\KeurDoctor\keur_Doctor_app\keur_Doctor_app\settings.py changed, reloading.
INFO 2025-07-13 00:22:32,493 autoreload Watching for file changes with StatReloader
INFO 2025-07-13 00:32:47,961 autoreload H:\SRT3\PSFE\ProjetSoutenance_SASPM\KeurDoctor\keur_Doctor_app\comptes\views.py changed, reloading.
INFO 2025-07-13 00:32:54,002 autoreload Watching for file changes with StatReloader
INFO 2025-07-13 00:39:55,315 autoreload H:\SRT3\PSFE\ProjetSoutenance_SASPM\KeurDoctor\keur_Doctor_app\comptes\views.py changed, reloading.
INFO 2025-07-13 00:40:00,860 autoreload Watching for file changes with StatReloader
INFO 2025-07-13 00:40:07,090 basehttp "GET / HTTP/1.1" 200 18731
INFO 2025-07-13 00:40:13,653 basehttp "GET /oidc/authenticate/ HTTP/1.1" 302 0
DEBUG 2025-07-13 00:40:16,216 auth_backends Claims complets pour None: {'sub': 'cf3cb08d-9f85-48bd-8445-3ea2aa47ce18', 'email_verified': True, 'realm_access': {'roles': ['offline_access', 'admin', 'uma_authorization', 'default-roles-keurdoctorsecure']}, 'name': 'Moustapha DIOP', 'preferred_username': 'adminmoustaf', 'given_name': 'Moustapha', 'family_name': 'DIOP', 'email': 'moustaf@keurdoctor.com'}
DEBUG 2025-07-13 00:40:16,217 auth_backends Rôles realm trouvés: ['offline_access', 'admin', 'uma_authorization', 'default-roles-keurdoctorsecure']
INFO 2025-07-13 00:40:16,217 auth_backends Rôles extraits pour None: ['offline_access', 'admin', 'default-roles-keurdoctorsecure', 'uma_authorization']
INFO 2025-07-13 00:40:16,268 auth_backends Rôles assignés à None: ['admin']
INFO 2025-07-13 00:40:16,278 auth_backends Groupes Django: ['admin']
INFO 2025-07-13 00:40:16,279 auth_backends Staff: True, Superuser: True
INFO 2025-07-13 00:40:16,306 basehttp "GET /oidc/callback/?state=CpqkyPfnxJaFhmIltEw2ppXTibJGo23g&session_state=d2931e9d-6d6c-4a4d-9687-dd9f45dc0d2b&iss=http%3A%2F%2Flocalhost%3A8080%2Frealms%2FKeurDoctorSecure&code=b0733255-2e2f-4917-ba19-9dc6a5551f5d.d2931e9d-6d6c-4a4d-9687-dd9f45dc0d2b.3cf588c0-4566-44db-bd7f-0752d263d590 HTTP/1.1" 302 0
INFO 2025-07-13 00:40:16,534 views Utilisateur staff/admin détecté: None
INFO 2025-07-13 00:40:16,535 basehttp "GET /redirection/ HTTP/1.1" 302 0
INFO 2025-07-13 00:40:16,786 basehttp "GET /administration/ HTTP/1.1" 200 10019
INFO 2025-07-13 00:40:20,043 basehttp "GET /administration/users/ HTTP/1.1" 200 9379
INFO 2025-07-13 00:40:27,333 basehttp "GET /profil/ HTTP/1.1" 200 7018
INFO 2025-07-13 00:40:29,862 views Utilisateur staff/admin détecté: None
INFO 2025-07-13 00:40:29,864 basehttp "GET /redirection/ HTTP/1.1" 302 0
INFO 2025-07-13 00:40:30,116 basehttp "GET /administration/ HTTP/1.1" 200 10019
INFO 2025-07-13 00:40:34,829 basehttp "GET /administration/users/ HTTP/1.1" 200 9379
INFO 2025-07-13 00:40:37,465 basehttp "GET /administration/users/create/ HTTP/1.1" 200 14902
INFO 2025-07-13 00:42:26,883 views Rôle medecin attribué avec succès à l'utilisateur mouharassoulmd@gmail.com
INFO 2025-07-13 00:42:26,883 views Utilisateur mouharassoulmd@gmail.com créé avec succès dans Keycloak avec le rôle medecin
INFO 2025-07-13 00:42:31,026 basehttp "POST /administration/users/create/ HTTP/1.1" 302 0
INFO 2025-07-13 00:42:31,254 basehttp "GET /administration/users/ HTTP/1.1" 200 10107
INFO 2025-07-13 00:51:17,705 autoreload H:\SRT3\PSFE\ProjetSoutenance_SASPM\KeurDoctor\keur_Doctor_app\comptes\views.py changed, reloading.
INFO 2025-07-13 00:51:20,250 autoreload Watching for file changes with StatReloader
INFO 2025-07-13 00:51:50,372 basehttp "GET /logout/ HTTP/1.1" 302 0
INFO 2025-07-13 00:51:50,627 basehttp "GET / HTTP/1.1" 200 18731
INFO 2025-07-13 00:51:56,627 basehttp "GET /oidc/authenticate/ HTTP/1.1" 302 0
INFO 2025-07-13 01:08:26,823 autoreload H:\SRT3\PSFE\ProjetSoutenance_SASPM\KeurDoctor\keur_Doctor_app\comptes\views.py changed, reloading.
INFO 2025-07-13 01:08:29,226 autoreload Watching for file changes with StatReloader
INFO 2025-07-13 01:08:48,498 basehttp "GET / HTTP/1.1" 200 18731
INFO 2025-07-13 01:09:07,186 basehttp "GET /oidc/authenticate/ HTTP/1.1" 302 0
DEBUG 2025-07-13 01:09:32,080 auth_backends Claims complets pour None: {'sub': 'cf3cb08d-9f85-48bd-8445-3ea2aa47ce18', 'email_verified': True, 'realm_access': {'roles': ['offline_access', 'admin', 'uma_authorization', 'default-roles-keurdoctorsecure']}, 'name': 'Moustapha DIOP', 'preferred_username': 'adminmoustaf', 'given_name': 'Moustapha', 'family_name': 'DIOP', 'email': 'moustaf@keurdoctor.com'}
DEBUG 2025-07-13 01:09:32,081 auth_backends Rôles realm trouvés: ['offline_access', 'admin', 'uma_authorization', 'default-roles-keurdoctorsecure']
INFO 2025-07-13 01:09:32,082 auth_backends Rôles extraits pour None: ['default-roles-keurdoctorsecure', 'uma_authorization', 'admin', 'offline_access']
INFO 2025-07-13 01:09:32,140 auth_backends Rôles assignés à None: ['admin']
INFO 2025-07-13 01:09:32,146 auth_backends Groupes Django: ['admin']
INFO 2025-07-13 01:09:32,146 auth_backends Staff: True, Superuser: True
INFO 2025-07-13 01:09:32,174 basehttp "GET /oidc/callback/?state=jG5Fj7lacb7wHqrWRxhF5qVNCMd9KWKn&session_state=44420248-215e-4211-b3a2-24905557aa11&iss=http%3A%2F%2Flocalhost%3A8080%2Frealms%2FKeurDoctorSecure&code=227f64d4-9085-403b-85f2-79f89aa1fbb0.44420248-215e-4211-b3a2-24905557aa11.3cf588c0-4566-44db-bd7f-0752d263d590 HTTP/1.1" 302 0
INFO 2025-07-13 01:09:32,538 views Utilisateur staff/admin détecté: None
INFO 2025-07-13 01:09:32,550 basehttp "GET /redirection/ HTTP/1.1" 302 0
INFO 2025-07-13 01:09:32,935 basehttp "GET /administration/ HTTP/1.1" 200 10019
INFO 2025-07-13 01:11:02,360 basehttp "GET /admin/ HTTP/1.1" 200 15398
INFO 2025-07-13 01:11:03,016 basehttp - Broken pipe from ('127.0.0.1', 57364)
INFO 2025-07-13 01:11:03,143 basehttp "GET /static/admin/img/icon-yes.svg HTTP/1.1" 200 436
INFO 2025-07-13 01:11:03,180 basehttp "GET /static/admin/img/icon-addlink.svg HTTP/1.1" 200 331
INFO 2025-07-13 01:11:03,231 basehttp "GET /static/admin/img/icon-deletelink.svg HTTP/1.1" 200 392
INFO 2025-07-13 01:11:03,232 basehttp "GET /static/admin/img/icon-changelink.svg HTTP/1.1" 200 380
INFO 2025-07-13 01:11:07,100 basehttp "GET /admin/comptes/utilisateur/ HTTP/1.1" 200 19675
INFO 2025-07-13 01:11:07,211 basehttp - Broken pipe from ('127.0.0.1', 57410)
INFO 2025-07-13 01:11:07,225 basehttp - Broken pipe from ('127.0.0.1', 57412)
INFO 2025-07-13 01:11:07,475 basehttp "GET /admin/jsi18n/ HTTP/1.1" 200 8634
INFO 2025-07-13 01:11:07,481 basehttp "GET /static/admin/img/search.svg HTTP/1.1" 200 458
INFO 2025-07-13 01:11:07,513 basehttp "GET /static/admin/img/icon-no.svg HTTP/1.1" 200 560
INFO 2025-07-13 01:11:07,549 basehttp "GET /static/admin/img/tooltag-add.svg HTTP/1.1" 200 331
INFO 2025-07-13 01:11:07,549 basehttp "GET /static/admin/img/icon-viewlink.svg HTTP/1.1" 200 581
INFO 2025-07-13 01:11:07,550 basehttp "GET /static/admin/img/sorting-icons.svg HTTP/1.1" 200 1097
INFO 2025-07-13 01:11:12,539 basehttp "GET /admin/comptes/utilisateur/ HTTP/1.1" 200 19675
INFO 2025-07-13 01:11:12,897 basehttp "GET /admin/jsi18n/ HTTP/1.1" 200 8634
INFO 2025-07-13 01:11:27,186 basehttp "POST /admin/comptes/utilisateur/ HTTP/1.1" 200 13055
INFO 2025-07-13 01:11:27,315 basehttp - Broken pipe from ('127.0.0.1', 57413)
INFO 2025-07-13 01:11:29,687 basehttp "POST /admin/comptes/utilisateur/ HTTP/1.1" 302 0
INFO 2025-07-13 01:11:29,993 basehttp "GET /admin/comptes/utilisateur/ HTTP/1.1" 200 18471
INFO 2025-07-13 01:11:30,319 basehttp "GET /admin/jsi18n/ HTTP/1.1" 200 8634
INFO 2025-07-13 01:11:38,309 basehttp "GET /administration/users/ HTTP/1.1" 200 8653
INFO 2025-07-13 01:11:41,593 basehttp "GET /administration/users/create/ HTTP/1.1" 200 14498
INFO 2025-07-13 01:13:44,591 views Rôle medecin attribué avec succès à l'utilisateur sadikhniang010@gmail.com
INFO 2025-07-13 01:13:44,592 views Utilisateur sadikhniang010@gmail.com créé avec succès dans Keycloak avec le rôle medecin
ERROR 2025-07-13 01:13:44,596 views Erreur lors de la création Keycloak: 'Utilisateur' object has no attribute 'password1'
INFO 2025-07-13 01:13:44,620 basehttp "POST /administration/users/create/ HTTP/1.1" 302 0
INFO 2025-07-13 01:13:44,875 basehttp "GET /administration/users/ HTTP/1.1" 200 9381
INFO 2025-07-13 01:14:09,116 basehttp "GET /administration/users/create/ HTTP/1.1" 200 14900
INFO 2025-07-13 01:18:17,197 autoreload H:\SRT3\PSFE\ProjetSoutenance_SASPM\KeurDoctor\keur_Doctor_app\comptes\views.py changed, reloading.
INFO 2025-07-13 01:18:28,088 autoreload Watching for file changes with StatReloader
INFO 2025-07-13 01:18:44,298 views Rôle patient attribué avec succès à l'utilisateur mouharassoulmd@gmail.com
INFO 2025-07-13 01:18:44,299 views Utilisateur mouharassoulmd@gmail.com créé avec succès dans Keycloak avec le rôle patient
INFO 2025-07-13 01:18:48,219 basehttp "POST /administration/users/create/ HTTP/1.1" 302 0
INFO 2025-07-13 01:18:49,241 basehttp "GET /administration/users/ HTTP/1.1" 200 10108
INFO 2025-07-13 01:27:06,329 basehttp "GET /administration/users/create/ HTTP/1.1" 200 14878
INFO 2025-07-13 01:27:16,695 basehttp "GET /admin/comptes/utilisateur/157/change/ HTTP/1.1" 200 34044
INFO 2025-07-13 01:27:16,847 basehttp "GET /static/admin/css/forms.css HTTP/1.1" 304 0
INFO 2025-07-13 01:27:17,125 basehttp "GET /static/admin/js/calendar.js HTTP/1.1" 304 0
INFO 2025-07-13 01:27:17,180 basehttp "GET /admin/jsi18n/ HTTP/1.1" 200 8634
INFO 2025-07-13 01:27:17,196 basehttp "GET /static/admin/js/admin/DateTimeShortcuts.js HTTP/1.1" 304 0
INFO 2025-07-13 01:27:17,404 basehttp "GET /static/admin/js/prepopulate_init.js HTTP/1.1" 200 586
INFO 2025-07-13 01:27:17,542 basehttp "GET /static/admin/css/widgets.css HTTP/1.1" 200 11991
INFO 2025-07-13 01:27:17,564 basehttp "GET /static/admin/js/SelectBox.js HTTP/1.1" 200 4530
INFO 2025-07-13 01:27:17,581 basehttp "GET /static/admin/js/SelectFilter2.js HTTP/1.1" 200 15845
INFO 2025-07-13 01:27:17,735 basehttp "GET /static/admin/js/change_form.js HTTP/1.1" 200 606
INFO 2025-07-13 01:27:17,772 basehttp "GET /static/admin/img/selector-icons.svg HTTP/1.1" 200 3291
INFO 2025-07-13 01:27:17,779 basehttp "GET /static/admin/img/icon-clock.svg HTTP/1.1" 200 677
INFO 2025-07-13 01:27:17,805 basehttp "GET /static/admin/img/icon-calendar.svg HTTP/1.1" 200 1086
INFO 2025-07-13 01:28:03,096 basehttp "GET /admin/comptes/utilisateur/157/delete/ HTTP/1.1" 200 12091
INFO 2025-07-13 01:28:07,130 basehttp "POST /admin/comptes/utilisateur/157/delete/ HTTP/1.1" 302 0
INFO 2025-07-13 01:28:07,341 basehttp "GET /admin/comptes/utilisateur/ HTTP/1.1" 200 19203
INFO 2025-07-13 01:28:07,704 basehttp "GET /admin/jsi18n/ HTTP/1.1" 200 8634
INFO 2025-07-13 01:28:17,502 basehttp "GET /admin/comptes/utilisateur/ HTTP/1.1" 200 18994
INFO 2025-07-13 01:28:36,579 basehttp "GET /administration/users/ HTTP/1.1" 200 9381
INFO 2025-07-13 01:29:09,152 basehttp "GET /profil/ HTTP/1.1" 200 7018
INFO 2025-07-13 01:29:12,262 views Utilisateur staff/admin détecté: None
INFO 2025-07-13 01:29:12,265 basehttp "GET /redirection/ HTTP/1.1" 302 0
INFO 2025-07-13 01:29:12,598 basehttp "GET /administration/ HTTP/1.1" 200 10019
INFO 2025-07-13 01:32:54,228 basehttp "POST /admin/comptes/utilisateur/ HTTP/1.1" 200 12131
INFO 2025-07-13 01:32:56,053 basehttp "POST /admin/comptes/utilisateur/ HTTP/1.1" 302 0
INFO 2025-07-13 01:32:56,359 basehttp "GET /admin/comptes/utilisateur/ HTTP/1.1" 200 18470
INFO 2025-07-13 01:32:56,647 basehttp "GET /admin/jsi18n/ HTTP/1.1" 200 8634
INFO 2025-07-13 01:33:10,521 basehttp "GET /administration/users/ HTTP/1.1" 200 8653
INFO 2025-07-13 01:33:50,661 autoreload H:\SRT3\PSFE\ProjetSoutenance_SASPM\KeurDoctor\keur_Doctor_app\comptes\views.py changed, reloading.
INFO 2025-07-13 01:33:56,333 autoreload Watching for file changes with StatReloader
INFO 2025-07-13 01:34:10,280 autoreload H:\SRT3\PSFE\ProjetSoutenance_SASPM\KeurDoctor\keur_Doctor_app\comptes\views.py changed, reloading.
INFO 2025-07-13 01:34:15,162 autoreload Watching for file changes with StatReloader
INFO 2025-07-13 01:34:28,161 basehttp "GET /administration/users/ HTTP/1.1" 200 8653
INFO 2025-07-13 01:34:32,426 basehttp "GET /administration/users/create/ HTTP/1.1" 200 14498
INFO 2025-07-13 01:35:27,051 views Rôle medecin attribué avec succès à l'utilisateur mouharassoulmd@gmail.com
INFO 2025-07-13 01:35:27,052 views Utilisateur mouharassoulmd@gmail.com créé avec succès dans Keycloak avec le rôle medecin
ERROR 2025-07-13 01:35:27,056 views Erreur lors de la création Keycloak: 'AdminCreateUserForm' object has no attribute 'password1'
INFO 2025-07-13 01:35:27,067 basehttp "POST /administration/users/create/ HTTP/1.1" 302 0
INFO 2025-07-13 01:35:27,592 basehttp "GET /administration/users/ HTTP/1.1" 200 9381
INFO 2025-07-13 01:42:15,299 autoreload H:\SRT3\PSFE\ProjetSoutenance_SASPM\KeurDoctor\keur_Doctor_app\comptes\views.py changed, reloading.
INFO 2025-07-13 01:42:17,544 autoreload Watching for file changes with StatReloader
INFO 2025-07-13 01:43:13,915 basehttp "GET / HTTP/1.1" 302 0
INFO 2025-07-13 01:43:14,166 views Utilisateur staff/admin détecté: None
INFO 2025-07-13 01:43:14,168 basehttp "GET /redirection/ HTTP/1.1" 302 0
INFO 2025-07-13 01:43:14,458 basehttp "GET /administration/ HTTP/1.1" 200 10019
INFO 2025-07-13 01:43:17,788 basehttp "GET /administration/ HTTP/1.1" 200 10019
INFO 2025-07-13 01:43:21,806 basehttp "GET /administration/users/ HTTP/1.1" 200 9381
INFO 2025-07-13 01:43:25,454 basehttp "GET /administration/users/create/ HTTP/1.1" 200 14900
INFO 2025-07-13 01:43:40,465 basehttp "GET /administration/users/create/ HTTP/1.1" 200 14498
INFO 2025-07-13 01:44:22,246 basehttp "GET /admin/comptes/utilisateur/ HTTP/1.1" 200 18998
INFO 2025-07-13 01:44:22,554 basehttp - Broken pipe from ('127.0.0.1', 53461)
INFO 2025-07-13 01:44:22,556 basehttp "GET /admin/jsi18n/ HTTP/1.1" 200 8634
INFO 2025-07-13 01:44:38,977 basehttp "POST /admin/comptes/utilisateur/ HTTP/1.1" 200 12133
INFO 2025-07-13 01:44:39,055 basehttp - Broken pipe from ('127.0.0.1', 53429)
INFO 2025-07-13 01:44:43,100 basehttp "POST /admin/comptes/utilisateur/ HTTP/1.1" 302 0
INFO 2025-07-13 01:44:43,351 basehttp "GET /admin/comptes/utilisateur/ HTTP/1.1" 200 18470
INFO 2025-07-13 01:44:43,673 basehttp "GET /admin/jsi18n/ HTTP/1.1" 200 8634
INFO 2025-07-13 01:46:01,714 views Rôle medecin attribué avec succès à l'utilisateur mouharassoulmd@gmail.com
INFO 2025-07-13 01:46:01,716 views Utilisateur mouharassoulmd@gmail.com créé avec succès dans Keycloak avec le rôle medecin
INFO 2025-07-13 01:46:05,366 basehttp "POST /administration/users/create/ HTTP/1.1" 302 0
INFO 2025-07-13 01:46:05,695 basehttp "GET /administration/users/ HTTP/1.1" 200 9381
INFO 2025-07-13 01:47:12,161 basehttp "GET /admin/ HTTP/1.1" 302 0
INFO 2025-07-13 01:47:12,375 basehttp "GET /admin/login/?next=/admin/ HTTP/1.1" 200 4221
INFO 2025-07-13 01:47:21,057 basehttp "GET /static/admin/css/base.css HTTP/1.1" 304 0
INFO 2025-07-13 01:47:21,096 basehttp "GET /static/admin/css/dark_mode.css HTTP/1.1" 304 0
INFO 2025-07-13 01:47:21,634 basehttp "GET /static/admin/js/theme.js HTTP/1.1" 304 0
INFO 2025-07-13 01:47:21,662 basehttp "GET /static/admin/css/nav_sidebar.css HTTP/1.1" 304 0
INFO 2025-07-13 01:47:21,804 basehttp "GET /static/admin/css/login.css HTTP/1.1" 200 951
INFO 2025-07-13 01:47:22,301 basehttp "GET /static/admin/css/responsive.css HTTP/1.1" 304 0
INFO 2025-07-13 01:47:22,384 basehttp "GET /static/admin/js/nav_sidebar.js HTTP/1.1" 304 0
ERROR 2025-07-13 01:47:22,534 models Erreur lors du logging d'audit: Cannot assign "<SimpleLazyObject: <django.contrib.auth.models.AnonymousUser object at 0x00000270531E6210>>": "AuditLog.utilisateur" must be a "Utilisateur" instance.
WARNING 2025-07-13 01:47:22,540 log Not Found: /favicon.ico
WARNING 2025-07-13 01:47:22,541 basehttp "GET /favicon.ico HTTP/1.1" 404 9796
INFO 2025-07-13 01:51:14,953 basehttp "GET /?session_state=d68c9227-4c5f-4c08-9c0b-83d7c1922957&iss=http%3A%2F%2Flocalhost%3A8080%2Frealms%2FKeurDoctorSecure&code=222ab5ba-e124-43d2-9b27-05795aaaee47.d68c9227-4c5f-4c08-9c0b-83d7c1922957.3cf588c0-4566-44db-bd7f-0752d263d590 HTTP/1.1" 200 18731
ERROR 2025-07-13 01:51:20,981 models Erreur lors du logging d'audit: Cannot assign "<SimpleLazyObject: <django.contrib.auth.models.AnonymousUser object at 0x0000027052EF6FD0>>": "AuditLog.utilisateur" must be a "Utilisateur" instance.
WARNING 2025-07-13 01:51:20,983 log Not Found: /favicon.ico
WARNING 2025-07-13 01:51:20,984 basehttp "GET /favicon.ico HTTP/1.1" 404 9796
INFO 2025-07-13 01:51:24,784 basehttp "GET /oidc/authenticate/ HTTP/1.1" 302 0
DEBUG 2025-07-13 01:51:25,175 auth_backends Claims complets pour None: {'sub': '57215111-f35b-45ae-b4e1-9c5f9cfc4f3f', 'email_verified': True, 'realm_access': {'roles': ['offline_access', 'uma_authorization', 'default-roles-keurdoctorsecure', 'medecin']}, 'name': 'Moustapha DIOP', 'preferred_username': 'mouharassoulmd@gmail.com', 'given_name': 'Moustapha', 'family_name': 'DIOP', 'email': 'mouharassoulmd@gmail.com'}
DEBUG 2025-07-13 01:51:25,176 auth_backends Rôles realm trouvés: ['offline_access', 'uma_authorization', 'default-roles-keurdoctorsecure', 'medecin']
INFO 2025-07-13 01:51:25,176 auth_backends Rôles extraits pour None: ['offline_access', 'uma_authorization', 'default-roles-keurdoctorsecure', 'medecin']
INFO 2025-07-13 01:51:25,204 auth_backends Rôles assignés à None: ['medecin']
INFO 2025-07-13 01:51:25,209 auth_backends Groupes Django: ['medecin']
INFO 2025-07-13 01:51:25,210 auth_backends Staff: False, Superuser: False
INFO 2025-07-13 01:51:25,230 basehttp "GET /oidc/callback/?state=luw7HCgg6LVvQ2V54rZ99GMydvtXfD0T&session_state=d68c9227-4c5f-4c08-9c0b-83d7c1922957&iss=http%3A%2F%2Flocalhost%3A8080%2Frealms%2FKeurDoctorSecure&code=a4afe45a-28a3-4daa-a9cf-30e9e0b8bcd4.d68c9227-4c5f-4c08-9c0b-83d7c1922957.3cf588c0-4566-44db-bd7f-0752d263d590 HTTP/1.1" 302 0
INFO 2025-07-13 01:51:25,518 views Utilisateur: None, Groupes: ['medecin']
INFO 2025-07-13 01:51:25,520 basehttp "GET /redirection/ HTTP/1.1" 302 0
INFO 2025-07-13 01:51:25,810 basehttp "GET /medecin/ HTTP/1.1" 200 8829
INFO 2025-07-13 01:51:25,898 basehttp "GET /static/images/medecin.jpg HTTP/1.1" 200 273925
INFO 2025-07-13 01:51:32,731 basehttp "GET /logout/ HTTP/1.1" 302 0
INFO 2025-07-13 01:51:32,789 basehttp "GET / HTTP/1.1" 200 18731
